<?xml version='1.0' encoding='UTF-8'?>
<testsuite hostname="xiabin-virtual-machine" name="aluTest" tests="1" errors="0" failures="1" skipped="0" time="3.295" timestamp="2022-07-30T16:32:39">
          <properties>
[...]
</properties>
          <testcase classname="aluTest" name="alu should pass" time="3.295">
                      <failure message="io_aluOP=0 (0x0) did not equal expected=11 (0xb) (lines in aluTest.scala: 9)" type="org.scalatest.exceptions.TestFailedException">org.scalatest.exceptions.TestFailedException: io_aluOP=0 (0x0) did not equal expected=11 (0xb) (lines in aluTest.scala: 9)
	at chiseltest.internal.TestEnvInterface.testerExpect(TestEnvInterface.scala:90)
	at chiseltest.internal.TestEnvInterface.testerExpect$(TestEnvInterface.scala:53)
	at aluTest.testerExpect(aluTest.scala:6)
	at chiseltest.internal.GenericBackend.expectBits(GenericBackend.scala:94)
	at chiseltest.package$testableData.expectWithStale(package.scala:216)
	at chiseltest.package$testableData.expect(package.scala:248)
	at aluTest.$anonfun$new$3(aluTest.scala:14)
	at aluTest.$anonfun$new$3$adapted(aluTest.scala:9)
	at chiseltest.internal.GenericBackend.$anonfun$run$1(GenericBackend.scala:166)
	at chiseltest.internal.ThreadedBackend$TesterThread$$anon$1.$anonfun$run$1(ThreadedBackend.scala:495)
	at chiseltest.internal.GenericBackend.doTimescope(GenericBackend.scala:111)
	at chiseltest.internal.ThreadedBackend$TesterThread$$anon$1.run(ThreadedBackend.scala:495)
	at java.base/java.lang.Thread.run(Thread.java:829)
Caused by: chiseltest.internal.FailedExpectException: io_aluOP=0 (0x0) did not equal expected=11 (0xb) (lines in aluTest.scala: 9)
	... 13 more
</failure>
                    </testcase>
          <system-out><![CDATA[]]></system-out>
          <system-err><![CDATA[]]></system-err>
        </testsuite>