[0m[[0m[0mdebug[0m] [0m[0mRunning TaskDef(aluTest, org.scalatest.tools.Framework$$anon$1@1987e2a0, false, [SuiteSelector])[0m
[0m[[0m[0minfo[0m] [0m[0m[32maluTest:[0m[0m
[0m[[0m[0minfo[0m] [0m[0m[32malu[0m[0m
[0m[[0m[0minfo[0m] [0m[0m[31m- should pass *** FAILED ***[0m[0m
[0m[[0m[0minfo[0m] [0m[0m[31m  io_aluOP=0 (0x0) did not equal expected=11 (0xb) (lines in aluTest.scala: 9) (aluTest.scala:14)[0m[0m
[0m[[0m[0minfo[0m] [0m[0m[36mRun completed in 3 seconds, 676 milliseconds.[0m[0m
[0m[[0m[0minfo[0m] [0m[0m[36mTotal number of tests run: 1[0m[0m
[0m[[0m[0minfo[0m] [0m[0m[36mSuites: completed 1, aborted 0[0m[0m
[0m[[0m[0minfo[0m] [0m[0m[36mTests: succeeded 0, failed 1, canceled 0, ignored 0, pending 0[0m[0m
[0m[[0m[0minfo[0m] [0m[0m[31m*** 1 TEST FAILED ***[0m[0m
[0m[[0m[31merror[0m] [0m[0mFailed tests:[0m
[0m[[0m[31merror[0m] [0m[0m	aluTest[0m
[0m[[0m[31merror[0m] [0m[0m(Test / [31mtest[0m) sbt.TestsFailedException: Tests unsuccessful[0m
